<?xml version="1.0" encoding="UTF-8"?>
<testsuite xmlns:xsi="http://www.w3.org/2001/XMLSchema-instance" xsi:noNamespaceSchemaLocation="https://maven.apache.org/surefire/maven-surefire-plugin/xsd/surefire-test-report.xsd" version="3.0.2" name="com.example.forum.ForumApplicationTests" time="9.124" tests="1" errors="0" skipped="0" failures="0">
  <properties>
[...]
</properties>
  <testcase name="contextLoads" classname="com.example.forum.ForumApplicationTests" time="1.474">
    <system-out><![CDATA[20:32:16.359 [main] INFO org.springframework.test.context.support.AnnotationConfigContextLoaderUtils -- Could not detect default configuration classes for test class [com.example.forum.ForumApplicationTests]: ForumApplicationTests does not declare any static, non-private, non-final, nested classes annotated with @Configuration.
20:32:16.583 [main] INFO org.springframework.boot.test.context.SpringBootTestContextBootstrapper -- Found @SpringBootConfiguration com.example.forum.ForumApplication for test class com.example.forum.ForumApplicationTests

  .   ____          _            __ _ _
 /\\ / ___'_ __ _ _(_)_ __  __ _ \ \ \ \
( ( )\___ | '_ | '_| | '_ \/ _` | \ \ \ \
 \\/  ___)| |_)| | | | | || (_| |  ) ) ) )
  '  |____| .__|_| |_|_| |_\__, | / / / /
 =========|_|==============|___/=/_/_/_/

 :: Spring Boot ::                (v3.4.2)

2025-03-01T20:32:17.535+08:00  INFO 33548 --- [forum] [           main] c.example.forum.ForumApplicationTests    : Starting ForumApplicationTests using Java 17.0.3 with PID 33548 (started by DSfeiji in C:\Users\23151\Desktop\后端\forum)
2025-03-01T20:32:17.539+08:00  INFO 33548 --- [forum] [           main] c.example.forum.ForumApplicationTests    : No active profile set, falling back to 1 default profile: "default"
Logging initialized using 'class org.apache.ibatis.logging.stdout.StdOutImpl' adapter.
[com.example.forum.mapper.PostMapper.insert] Has been loaded by XML or SqlProvider or Mybatis's Annotation, so ignoring this injection for [class com.baomidou.mybatisplus.core.injector.methods.Insert]
Get /192.168.226.1 network interface 
Get network interface info: name:eth10 (VMware Virtual Ethernet Adapter for VMnet1)
Initialization Sequence datacenterId:4 workerId:5
 _ _   |_  _ _|_. ___ _ |    _ 
| | |\/|_)(_| | |_\  |_)||_|_\ 
     /               |         
                        3.5.9 
2025-03-01T20:32:23.636+08:00  INFO 33548 --- [forum] [           main] c.example.forum.ForumApplicationTests    : Started ForumApplicationTests in 6.706 seconds (process running for 8.584)
]]></system-out>
  </testcase>
</testsuite>